8423560 INFO  [si.isystem.eclipse.debug - 30] ISysAbstractDsfService : ***  8423585.0212  ***  ISysStackService shutdown(super) started.
8423560 INFO  [si.isystem.eclipse.debug - 30] ISysAbstractDsfService : ***  8423585.0948  ***  ISysStackService shutdown(super) finished.
8423560 INFO  [si.isystem.eclipse.debug - 30] ISysAbstractDsfService : ***  8423585.1161  ***  ISysStackService shutdown(main) started.
8423560 INFO  [si.isystem.eclipse.debug - 30] ISysAbstractDsfService : ***  8423585.1309  ***  ISysStackService removed from service event listener list
8423560 INFO  [si.isystem.eclipse.debug - 30] ISysAbstractDsfService : ***  8423585.2752  ***  ISysStackService shutdown(main) finished.
8423560 INFO  [si.isystem.eclipse.debug - 30] ISysAbstractDsfService : ***  8423585.2924  ***  ISysStackService shutdown(sub) finished.
8423561 INFO  [si.isystem.eclipse.debug - 30] ISysAbstractDsfService : ***  8423585.8228  ***  ISysRunControl shutdown(super) started.
8423561 INFO  [si.isystem.eclipse.debug - 30] ISysAbstractDsfService : ***  8423585.8458  ***  ISysRunControl shutdown(super) finished.
8423561 INFO  [si.isystem.eclipse.debug - 30] ISysAbstractDsfService : ***  8423585.8552  ***  ISysRunControl shutdown(main) started.
8423561 INFO  [si.isystem.eclipse.debug - 30] ISysAbstractDsfService : ***  8423585.8631  ***  ISysRunControl removed from service event listener list
8423561 INFO  [si.isystem.eclipse.debug - 30] ISysAbstractDsfService : ***  8423585.9374  ***  ISysRunControl shutdown(main) finished.
8423561 INFO  [si.isystem.eclipse.debug - 30] ISysAbstractDsfService : ***  8423585.9477  ***  ISysRunControl shutdown(sub) finished.
8423561 INFO  [si.isystem.eclipse.debug - 30] ISysAbstractDsfService : ***  8423585.9579  ***  ISysCommandControl shutdown(super) started.
8423561 INFO  [si.isystem.eclipse.debug - 30] ISysAbstractDsfService : ***  8423585.9688  ***  ISysCommandControl shutdown(super) finished.
8423561 INFO  [si.isystem.eclipse.debug - 30] ISysAbstractDsfService : ***  8423585.9762  ***  ISysCommandControl shutdown(main) started.
8423561 INFO  [si.isystem.eclipse.debug - 30] ISysAbstractDsfService : ***  8423586.0441  ***  ISysCommandControl shutdown(main) finished.
8423561 INFO  [si.isystem.eclipse.debug - 30] ISysAbstractDsfService : ***  8423586.0545  ***  ISysCommandControl shutdown(sub) finished.
8423561 INFO  [si.isystem.eclipse.debug - 30] ISysAbstractDsfService : ***  8423586.0733  ***  ISysConnectionService shutdown(super) started.
8423561 INFO  [si.isystem.eclipse.debug - 30] IConnectProxy : ***  8423586.1481  ***  Shutting down iConnect for cores: [I@571eee32
8423561 INFO  [si.isystem.eclipse.debug - 30] IConnectProxy : ***  8423586.1664  ***  Disconnecting from and closing winIDEA on core 0.
8423604 INFO  [si.isystem.eclipse.debug - 30] ISysAbstractDsfService : ***  8423629.0316  ***  ISysConnectionService shutdown(super) finished.
8423604 INFO  [si.isystem.eclipse.debug - 30] ISysAbstractDsfService : ***  8423629.1069  ***  ISysConnectionService shutdown(main) started.
8423604 INFO  [si.isystem.eclipse.debug - 30] ISysAbstractDsfService : ***  8423629.1232  ***  ISysConnectionService shutdown(main) finished.
8423605 INFO  [si.isystem.eclipse.debug - 30] ISysAbstractDsfService : ***  8423629.1525  ***  ISysConnectionService shutdown(sub) finished.
8423605 INFO  [si.isystem.eclipse.debug - 30] ISysLaunch : ***  8423629.2275  ***  Debug services shutdown completed.
